<?xml version="1.0" encoding="UTF-8"?>
<testng-results skipped="1" failed="0" ignored="0" total="6" passed="5">
  <reporter-output>
  </reporter-output>
  <suite name="Suite" duration-ms="14011" started-at="2018-09-09T10:24:45Z" finished-at="2018-09-09T10:24:59Z">
    <groups>
    </groups>
    <test name="Testcase1 Firefox Browser" duration-ms="6254" started-at="2018-09-09T10:24:45Z" finished-at="2018-09-09T10:24:51Z">
      <class name="com.mani.retry.tests.TestCase1">
        <test-method status="FAIL" signature="browserLaunch(java.lang.String)[pri:0, instance:com.mani.retry.tests.TestCase1@77f99a05]" name="browserLaunch" is-config="true" duration-ms="6168" started-at="2018-09-09T10:24:45Z" finished-at="2018-09-09T10:24:51Z">
          <params>
            <param index="0">
              <value>
                <![CDATA[firefox]]>
              </value>
            </param>
          </params>
          <exception class="org.openqa.selenium.SessionNotCreatedException">
            <message>
              <![CDATA[Unable to create new remote session. desired capabilities = Capabilities [{marionette=true, browserName=firefox, moz:firefoxOptions=org.openqa.selenium.firefox.FirefoxOptions@7690781, version=, platform=ANY, firefox_profile=org.openqa.selenium.firefox.FirefoxProfile@77eca502}], required capabilities = Capabilities [{}]
Build info: version: '3.1.0', revision: 'b94c902', time: '2017-02-16 12:21:31 -0800'
System info: host: 'DESKTOP-FQKEHJ9', ip: '192.168.85.1', os.name: 'Windows 10', os.arch: 'amd64', os.version: '10.0', java.version: '1.8.0_171'
Driver info: driver.version: FirefoxDriver]]>
            </message>
            <full-stacktrace>
              <![CDATA[org.openqa.selenium.SessionNotCreatedException: Unable to create new remote session. desired capabilities = Capabilities [{marionette=true, browserName=firefox, moz:firefoxOptions=org.openqa.selenium.firefox.FirefoxOptions@7690781, version=, platform=ANY, firefox_profile=org.openqa.selenium.firefox.FirefoxProfile@77eca502}], required capabilities = Capabilities [{}]
Build info: version: '3.1.0', revision: 'b94c902', time: '2017-02-16 12:21:31 -0800'
System info: host: 'DESKTOP-FQKEHJ9', ip: '192.168.85.1', os.name: 'Windows 10', os.arch: 'amd64', os.version: '10.0', java.version: '1.8.0_171'
Driver info: driver.version: FirefoxDriver
at org.openqa.selenium.remote.ProtocolHandshake.createSession(ProtocolHandshake.java:91)
at org.openqa.selenium.remote.HttpCommandExecutor.execute(HttpCommandExecutor.java:141)
at org.openqa.selenium.remote.service.DriverCommandExecutor.execute(DriverCommandExecutor.java:82)
at org.openqa.selenium.remote.RemoteWebDriver.execute(RemoteWebDriver.java:601)
at org.openqa.selenium.remote.RemoteWebDriver.startSession(RemoteWebDriver.java:241)
at org.openqa.selenium.remote.RemoteWebDriver.<init>(RemoteWebDriver.java:128)
at org.openqa.selenium.firefox.FirefoxDriver.<init>(FirefoxDriver.java:293)
at org.openqa.selenium.firefox.FirefoxDriver.<init>(FirefoxDriver.java:272)
at org.openqa.selenium.firefox.FirefoxDriver.<init>(FirefoxDriver.java:267)
at org.openqa.selenium.firefox.FirefoxDriver.<init>(FirefoxDriver.java:263)
at org.openqa.selenium.firefox.FirefoxDriver.<init>(FirefoxDriver.java:122)
at com.mani.retry.base.BaseTest.browserLaunch(BaseTest.java:27)
at sun.reflect.NativeMethodAccessorImpl.invoke0(Native Method)
at sun.reflect.NativeMethodAccessorImpl.invoke(NativeMethodAccessorImpl.java:62)
at sun.reflect.DelegatingMethodAccessorImpl.invoke(DelegatingMethodAccessorImpl.java:43)
at java.lang.reflect.Method.invoke(Method.java:498)
at org.testng.internal.MethodInvocationHelper.invokeMethod(MethodInvocationHelper.java:124)
at org.testng.internal.MethodInvocationHelper.invokeMethodConsideringTimeout(MethodInvocationHelper.java:59)
at org.testng.internal.Invoker.invokeConfigurationMethod(Invoker.java:455)
at org.testng.internal.Invoker.invokeConfigurations(Invoker.java:222)
at org.testng.internal.Invoker.invokeConfigurations(Invoker.java:142)
at org.testng.TestRunner.beforeRun(TestRunner.java:529)
at org.testng.TestRunner.run(TestRunner.java:497)
at org.testng.SuiteRunner.runTest(SuiteRunner.java:455)
at org.testng.SuiteRunner.runSequentially(SuiteRunner.java:450)
at org.testng.SuiteRunner.privateRun(SuiteRunner.java:415)
at org.testng.SuiteRunner.run(SuiteRunner.java:364)
at org.testng.SuiteRunnerWorker.runSuite(SuiteRunnerWorker.java:52)
at org.testng.SuiteRunnerWorker.run(SuiteRunnerWorker.java:84)
at org.testng.TestNG.runSuitesSequentially(TestNG.java:1208)
at org.testng.TestNG.runSuitesLocally(TestNG.java:1137)
at org.testng.TestNG.runSuites(TestNG.java:1049)
at org.testng.TestNG.run(TestNG.java:1017)
at org.testng.remote.AbstractRemoteTestNG.run(AbstractRemoteTestNG.java:114)
at org.testng.remote.RemoteTestNG.initAndRun(RemoteTestNG.java:251)
at org.testng.remote.RemoteTestNG.main(RemoteTestNG.java:77)
]]>
            </full-stacktrace>
          </exception> <!-- org.openqa.selenium.SessionNotCreatedException -->
          <reporter-output>
          </reporter-output>
        </test-method> <!-- browserLaunch -->
        <test-method status="SKIP" signature="prepoertyReadFile()[pri:0, instance:com.mani.retry.tests.TestCase1@77f99a05]" name="prepoertyReadFile" is-config="true" duration-ms="0" started-at="2018-09-09T10:24:51Z" finished-at="2018-09-09T10:24:51Z">
          <reporter-output>
          </reporter-output>
        </test-method> <!-- prepoertyReadFile -->
        <test-method status="SKIP" signature="allBrowsers()[pri:0, instance:com.mani.retry.tests.TestCase1@77f99a05]" name="allBrowsers" duration-ms="0" started-at="2018-09-09T10:24:51Z" finished-at="2018-09-09T10:24:51Z">
          <exception class="org.openqa.selenium.SessionNotCreatedException">
            <message>
              <![CDATA[Unable to create new remote session. desired capabilities = Capabilities [{marionette=true, browserName=firefox, moz:firefoxOptions=org.openqa.selenium.firefox.FirefoxOptions@7690781, version=, platform=ANY, firefox_profile=org.openqa.selenium.firefox.FirefoxProfile@77eca502}], required capabilities = Capabilities [{}]
Build info: version: '3.1.0', revision: 'b94c902', time: '2017-02-16 12:21:31 -0800'
System info: host: 'DESKTOP-FQKEHJ9', ip: '192.168.85.1', os.name: 'Windows 10', os.arch: 'amd64', os.version: '10.0', java.version: '1.8.0_171'
Driver info: driver.version: FirefoxDriver]]>
            </message>
            <full-stacktrace>
              <![CDATA[org.openqa.selenium.SessionNotCreatedException: Unable to create new remote session. desired capabilities = Capabilities [{marionette=true, browserName=firefox, moz:firefoxOptions=org.openqa.selenium.firefox.FirefoxOptions@7690781, version=, platform=ANY, firefox_profile=org.openqa.selenium.firefox.FirefoxProfile@77eca502}], required capabilities = Capabilities [{}]
Build info: version: '3.1.0', revision: 'b94c902', time: '2017-02-16 12:21:31 -0800'
System info: host: 'DESKTOP-FQKEHJ9', ip: '192.168.85.1', os.name: 'Windows 10', os.arch: 'amd64', os.version: '10.0', java.version: '1.8.0_171'
Driver info: driver.version: FirefoxDriver
at org.openqa.selenium.remote.ProtocolHandshake.createSession(ProtocolHandshake.java:91)
at org.openqa.selenium.remote.HttpCommandExecutor.execute(HttpCommandExecutor.java:141)
at org.openqa.selenium.remote.service.DriverCommandExecutor.execute(DriverCommandExecutor.java:82)
at org.openqa.selenium.remote.RemoteWebDriver.execute(RemoteWebDriver.java:601)
at org.openqa.selenium.remote.RemoteWebDriver.startSession(RemoteWebDriver.java:241)
at org.openqa.selenium.remote.RemoteWebDriver.<init>(RemoteWebDriver.java:128)
at org.openqa.selenium.firefox.FirefoxDriver.<init>(FirefoxDriver.java:293)
at org.openqa.selenium.firefox.FirefoxDriver.<init>(FirefoxDriver.java:272)
at org.openqa.selenium.firefox.FirefoxDriver.<init>(FirefoxDriver.java:267)
at org.openqa.selenium.firefox.FirefoxDriver.<init>(FirefoxDriver.java:263)
at org.openqa.selenium.firefox.FirefoxDriver.<init>(FirefoxDriver.java:122)
at com.mani.retry.base.BaseTest.browserLaunch(BaseTest.java:27)
at sun.reflect.NativeMethodAccessorImpl.invoke0(Native Method)
at sun.reflect.NativeMethodAccessorImpl.invoke(NativeMethodAccessorImpl.java:62)
at sun.reflect.DelegatingMethodAccessorImpl.invoke(DelegatingMethodAccessorImpl.java:43)
at java.lang.reflect.Method.invoke(Method.java:498)
at org.testng.internal.MethodInvocationHelper.invokeMethod(MethodInvocationHelper.java:124)
at org.testng.internal.MethodInvocationHelper.invokeMethodConsideringTimeout(MethodInvocationHelper.java:59)
at org.testng.internal.Invoker.invokeConfigurationMethod(Invoker.java:455)
at org.testng.internal.Invoker.invokeConfigurations(Invoker.java:222)
at org.testng.internal.Invoker.invokeConfigurations(Invoker.java:142)
at org.testng.TestRunner.beforeRun(TestRunner.java:529)
at org.testng.TestRunner.run(TestRunner.java:497)
at org.testng.SuiteRunner.runTest(SuiteRunner.java:455)
at org.testng.SuiteRunner.runSequentially(SuiteRunner.java:450)
at org.testng.SuiteRunner.privateRun(SuiteRunner.java:415)
at org.testng.SuiteRunner.run(SuiteRunner.java:364)
at org.testng.SuiteRunnerWorker.runSuite(SuiteRunnerWorker.java:52)
at org.testng.SuiteRunnerWorker.run(SuiteRunnerWorker.java:84)
at org.testng.TestNG.runSuitesSequentially(TestNG.java:1208)
at org.testng.TestNG.runSuitesLocally(TestNG.java:1137)
at org.testng.TestNG.runSuites(TestNG.java:1049)
at org.testng.TestNG.run(TestNG.java:1017)
at org.testng.remote.AbstractRemoteTestNG.run(AbstractRemoteTestNG.java:114)
at org.testng.remote.RemoteTestNG.initAndRun(RemoteTestNG.java:251)
at org.testng.remote.RemoteTestNG.main(RemoteTestNG.java:77)
]]>
            </full-stacktrace>
          </exception> <!-- org.openqa.selenium.SessionNotCreatedException -->
          <reporter-output>
          </reporter-output>
        </test-method> <!-- allBrowsers -->
      </class> <!-- com.mani.retry.tests.TestCase1 -->
      <class name="com.mani.retry.tests.TestCase4">
        <test-method status="PASS" signature="testCase4()[pri:0, instance:com.mani.retry.tests.TestCase4@3aeaafa6]" name="testCase4" duration-ms="4" started-at="2018-09-09T10:24:51Z" finished-at="2018-09-09T10:24:51Z">
          <reporter-output>
          </reporter-output>
        </test-method> <!-- testCase4 -->
      </class> <!-- com.mani.retry.tests.TestCase4 -->
      <class name="com.mani.retry.tests.TestCase3">
        <test-method status="PASS" signature="testCase3()[pri:0, instance:com.mani.retry.tests.TestCase3@63440df3]" name="testCase3" duration-ms="6" started-at="2018-09-09T10:24:51Z" finished-at="2018-09-09T10:24:51Z">
          <reporter-output>
          </reporter-output>
        </test-method> <!-- testCase3 -->
      </class> <!-- com.mani.retry.tests.TestCase3 -->
    </test> <!-- Testcase1 Firefox Browser -->
    <test name="Testcase1 chrome Browser" duration-ms="7654" started-at="2018-09-09T10:24:51Z" finished-at="2018-09-09T10:24:59Z">
      <class name="com.mani.retry.tests.TestCase1">
        <test-method status="PASS" signature="browserLaunch(java.lang.String)[pri:0, instance:com.mani.retry.tests.TestCase1@74a10858]" name="browserLaunch" is-config="true" duration-ms="2714" started-at="2018-09-09T10:24:51Z" finished-at="2018-09-09T10:24:54Z">
          <params>
            <param index="0">
              <value>
                <![CDATA[chrome]]>
              </value>
            </param>
          </params>
          <reporter-output>
          </reporter-output>
        </test-method> <!-- browserLaunch -->
        <test-method status="PASS" signature="prepoertyReadFile()[pri:0, instance:com.mani.retry.tests.TestCase1@74a10858]" name="prepoertyReadFile" is-config="true" duration-ms="0" started-at="2018-09-09T10:24:54Z" finished-at="2018-09-09T10:24:54Z">
          <reporter-output>
          </reporter-output>
        </test-method> <!-- prepoertyReadFile -->
        <test-method status="PASS" signature="allBrowsers()[pri:0, instance:com.mani.retry.tests.TestCase1@74a10858]" name="allBrowsers" duration-ms="4923" started-at="2018-09-09T10:24:54Z" finished-at="2018-09-09T10:24:59Z">
          <reporter-output>
          </reporter-output>
        </test-method> <!-- allBrowsers -->
      </class> <!-- com.mani.retry.tests.TestCase1 -->
      <class name="com.mani.retry.tests.TestCase4">
        <test-method status="PASS" signature="testCase4()[pri:0, instance:com.mani.retry.tests.TestCase4@28ac3dc3]" name="testCase4" duration-ms="0" started-at="2018-09-09T10:24:54Z" finished-at="2018-09-09T10:24:54Z">
          <reporter-output>
          </reporter-output>
        </test-method> <!-- testCase4 -->
      </class> <!-- com.mani.retry.tests.TestCase4 -->
      <class name="com.mani.retry.tests.TestCase3">
        <test-method status="PASS" signature="testCase3()[pri:0, instance:com.mani.retry.tests.TestCase3@23fe1d71]" name="testCase3" duration-ms="0" started-at="2018-09-09T10:24:54Z" finished-at="2018-09-09T10:24:54Z">
          <reporter-output>
          </reporter-output>
        </test-method> <!-- testCase3 -->
      </class> <!-- com.mani.retry.tests.TestCase3 -->
    </test> <!-- Testcase1 chrome Browser -->
  </suite> <!-- Suite -->
</testng-results>
